wandb: Currently logged in as: tlouhs. Use `wandb login --relogin` to force relogin
wandb: wandb version 0.13.7 is available!  To upgrade, please run:
wandb:  $ pip install wandb --upgrade
wandb: Tracking run with wandb version 0.13.5
wandb: Run data is saved locally in /tank/users/arash/NGA Project/POI_paper/busyness_graph_ablation/wo_aggregates/wandb/run-20221220_221033-167b22fs
wandb: Run `wandb offline` to turn off syncing.
wandb: Syncing run Houston-0-400-wo-aggregate-nodes-2022-12-20 22:10
wandb: ⭐️ View project at https://wandb.ai/tlouhs/POI_forecast
wandb: 🚀 View run at https://wandb.ai/tlouhs/POI_forecast/runs/167b22fs
/home/users/arash/anaconda3/envs/pyg/lib/python3.10/site-packages/torch/nn/parallel/data_parallel.py:32: UserWarning: 
    There is an imbalance between your GPUs. You may want to exclude GPU 1 which
    has less than 75% of the memory or cores of GPU 0. You can do so by setting
    the device_ids argument to DataParallel, or by setting the CUDA_VISIBLE_DEVICES
    environment variable.
  warnings.warn(imbalance_warn.format(device_ids[min_pos], device_ids[max_pos]))
/home/users/arash/anaconda3/envs/pyg/lib/python3.10/site-packages/torch/nn/modules/rnn.py:955: UserWarning: RNN module weights are not part of single contiguous chunk of memory. This means they need to be compacted at every call, possibly greatly increasing memory usage. To compact weights again call flatten_parameters(). (Triggered internally at /opt/conda/conda-bld/pytorch_1666642969563/work/aten/src/ATen/native/cudnn/RNN.cpp:968.)
  result = _VF.gru(input, hx, self._flat_weights, self.bias, self.num_layers,
Training configs: Namespace(train=True, evaluate=True, dataset='Houston', window_size=24, horizon=6, train_ratio=0.7, valid_ratio=0.2, test_length=0.1, epoch=40, lr=0.0003, multi_layer=5, device='cuda', validate_freq=1, batch_size=32, norm_method='z_score', optimizer='RMSProp', early_stop=False, exponential_decay_step=5, decay_rate=0.5, dropout_rate=0.5, leakyrelu_rate=0.2, is_wandb_used=True, gpu_devices=0, start_poi=0, end_poi=400)
core_poi-part2.csv
core_poi-part5.csv
core_poi-part4.csv
core_poi-part3.csv
core_poi-part1.csv
train (6720, 400) valid (1920, 400) test (960, 400)
Total Trainable Params: 275170355
| end of epoch   0 | time: 480.29s | train_total_loss 0.6647
------ validate on data: VALIDATE ------
NORM: MAPE 385.262489573%; MAE 0.563371125; RMSE 0.848746261.
RAW : MAPE 123.532212303%; MAE 6.727292140; RMSE 19.404361704.
| end of epoch   1 | time: 480.28s | train_total_loss 0.4166
------ validate on data: VALIDATE ------
NORM: MAPE 393.764447066%; MAE 0.529414479; RMSE 0.823765803.
RAW : MAPE 115.074071984%; MAE 6.277005632; RMSE 18.113566685.
| end of epoch   2 | time: 480.74s | train_total_loss 0.3721
------ validate on data: VALIDATE ------
NORM: MAPE 269.283245101%; MAE 0.450601487; RMSE 0.739313971.
RAW : MAPE 87.153673743%; MAE 5.344770758; RMSE 16.857103954.
| end of epoch   3 | time: 480.59s | train_total_loss 0.3428
------ validate on data: VALIDATE ------
NORM: MAPE 300.953474417%; MAE 0.460756669; RMSE 0.787457911.
RAW : MAPE 77.255749774%; MAE 5.386999025; RMSE 17.207263214.
| end of epoch   4 | time: 481.06s | train_total_loss 0.3212
------ validate on data: VALIDATE ------
NORM: MAPE 273.813910677%; MAE 0.430204818; RMSE 0.732463804.
RAW : MAPE 69.295202087%; MAE 4.908550183; RMSE 15.974292750.
| end of epoch   5 | time: 480.69s | train_total_loss 0.2755
------ validate on data: VALIDATE ------
NORM: MAPE 243.636798578%; MAE 0.394327713; RMSE 0.652051113.
RAW : MAPE 74.942000901%; MAE 4.471806502; RMSE 14.767037617.
| end of epoch   6 | time: 480.22s | train_total_loss 0.2616
------ validate on data: VALIDATE ------
NORM: MAPE 224.786446590%; MAE 0.381618577; RMSE 0.641531572.
RAW : MAPE 67.148487019%; MAE 4.257381023; RMSE 14.464942917.
| end of epoch   7 | time: 480.65s | train_total_loss 0.2494
------ validate on data: VALIDATE ------
NORM: MAPE 234.742846916%; MAE 0.397418490; RMSE 0.709374494.
RAW : MAPE 64.126628115%; MAE 4.509337159; RMSE 15.788309099.
| end of epoch   8 | time: 480.12s | train_total_loss 0.2397
------ validate on data: VALIDATE ------
NORM: MAPE 336.173010821%; MAE 0.488418858; RMSE 0.758267480.
RAW : MAPE 111.556123106%; MAE 5.662688148; RMSE 16.156293658.
| end of epoch   9 | time: 477.10s | train_total_loss 0.2373
------ validate on data: VALIDATE ------
NORM: MAPE 213.442376938%; MAE 0.376705711; RMSE 0.622910819.
RAW : MAPE 68.775190549%; MAE 4.148146464; RMSE 13.277276847.
| end of epoch  10 | time: 480.62s | train_total_loss 0.2179
------ validate on data: VALIDATE ------
NORM: MAPE 210.086388274%; MAE 0.355261757; RMSE 0.610177507.
RAW : MAPE 60.224883331%; MAE 3.840676879; RMSE 12.940904765.
| end of epoch  11 | time: 480.72s | train_total_loss 0.2164
------ validate on data: VALIDATE ------
NORM: MAPE 212.035606490%; MAE 0.375309229; RMSE 0.654875953.
RAW : MAPE 57.524281978%; MAE 4.049785169; RMSE 13.317765502.
| end of epoch  12 | time: 480.15s | train_total_loss 0.2147
------ validate on data: VALIDATE ------
NORM: MAPE 230.169230246%; MAE 0.357519194; RMSE 0.604748040.
RAW : MAPE 61.010921644%; MAE 3.847380365; RMSE 12.718557417.
| end of epoch  13 | time: 480.26s | train_total_loss 0.2108
------ validate on data: VALIDATE ------
NORM: MAPE 239.735539435%; MAE 0.358003202; RMSE 0.601361584.
RAW : MAPE 63.083611083%; MAE 3.891659706; RMSE 12.600513433.
| end of epoch  14 | time: 481.01s | train_total_loss 0.2093
------ validate on data: VALIDATE ------
NORM: MAPE 194.310237600%; MAE 0.355659755; RMSE 0.620749186.
RAW : MAPE 56.971560593%; MAE 3.832271191; RMSE 13.235493180.
| end of epoch  15 | time: 480.66s | train_total_loss 0.2031
------ validate on data: VALIDATE ------
NORM: MAPE 210.857351891%; MAE 0.351213235; RMSE 0.593062196.
RAW : MAPE 62.471745530%; MAE 3.779730002; RMSE 12.042714740.
| end of epoch  16 | time: 480.21s | train_total_loss 0.2014
------ validate on data: VALIDATE ------
NORM: MAPE 214.734696662%; MAE 0.347297937; RMSE 0.594248240.
RAW : MAPE 57.933651079%; MAE 3.706665939; RMSE 12.608013697.
| end of epoch  17 | time: 480.48s | train_total_loss 0.2005
------ validate on data: VALIDATE ------
NORM: MAPE 221.983116910%; MAE 0.362060897; RMSE 0.613727042.
RAW : MAPE 64.162931953%; MAE 3.913095336; RMSE 13.181626555.
| end of epoch  18 | time: 480.41s | train_total_loss 0.1995
------ validate on data: VALIDATE ------
NORM: MAPE 222.076135241%; MAE 0.353480139; RMSE 0.597030758.
RAW : MAPE 61.977661359%; MAE 3.771130785; RMSE 12.266777025.
| end of epoch  19 | time: 481.16s | train_total_loss 0.1990
------ validate on data: VALIDATE ------
NORM: MAPE 203.307135557%; MAE 0.346447643; RMSE 0.597915923.
RAW : MAPE 58.434094432%; MAE 3.710917450; RMSE 12.639200301.
| end of epoch  20 | time: 480.28s | train_total_loss 0.1958
------ validate on data: VALIDATE ------
NORM: MAPE 210.849670450%; MAE 0.345202961; RMSE 0.594249587.
RAW : MAPE 57.757093756%; MAE 3.671204899; RMSE 12.444612946.
| end of epoch  21 | time: 480.46s | train_total_loss 0.1955
------ validate on data: VALIDATE ------
NORM: MAPE 216.632646475%; MAE 0.347579697; RMSE 0.591980774.
RAW : MAPE 60.499572596%; MAE 3.713889531; RMSE 12.380704348.
| end of epoch  22 | time: 480.55s | train_total_loss 0.1938
------ validate on data: VALIDATE ------
NORM: MAPE 207.294448428%; MAE 0.341188600; RMSE 0.594427417.
RAW : MAPE 56.150111873%; MAE 3.618508593; RMSE 12.424392728.
| end of epoch  23 | time: 481.36s | train_total_loss 0.1933
------ validate on data: VALIDATE ------
NORM: MAPE 206.176392378%; MAE 0.350424042; RMSE 0.592937600.
RAW : MAPE 59.508730290%; MAE 3.724496706; RMSE 12.287204113.
| end of epoch  24 | time: 480.33s | train_total_loss 0.1934
------ validate on data: VALIDATE ------
NORM: MAPE 212.258643087%; MAE 0.350758519; RMSE 0.599008096.
RAW : MAPE 59.215604601%; MAE 3.736069526; RMSE 12.609787501.
| end of epoch  25 | time: 480.52s | train_total_loss 0.1914
------ validate on data: VALIDATE ------
NORM: MAPE 205.617758677%; MAE 0.339840231; RMSE 0.591188082.
RAW : MAPE 55.706472350%; MAE 3.587229815; RMSE 12.226306893.
| end of epoch  26 | time: 480.49s | train_total_loss 0.1913
------ validate on data: VALIDATE ------
NORM: MAPE 205.508082738%; MAE 0.342963291; RMSE 0.592679137.
RAW : MAPE 56.164938778%; MAE 3.626580075; RMSE 12.386551503.
| end of epoch  27 | time: 480.39s | train_total_loss 0.1913
------ validate on data: VALIDATE ------
NORM: MAPE 207.813210711%; MAE 0.342996232; RMSE 0.591919510.
RAW : MAPE 56.428025851%; MAE 3.621753716; RMSE 12.338488150.
| end of epoch  28 | time: 480.72s | train_total_loss 0.1911
------ validate on data: VALIDATE ------
NORM: MAPE 206.053167332%; MAE 0.340394830; RMSE 0.587205752.
RAW : MAPE 56.491537375%; MAE 3.586947217; RMSE 12.079126008.
| end of epoch  29 | time: 480.81s | train_total_loss 0.1903
------ validate on data: VALIDATE ------
NORM: MAPE 207.503535522%; MAE 0.343610224; RMSE 0.588423304.
RAW : MAPE 57.073863748%; MAE 3.631489876; RMSE 12.218178482.
| end of epoch  30 | time: 480.36s | train_total_loss 0.1904
------ validate on data: VALIDATE ------
NORM: MAPE 206.889090899%; MAE 0.340887551; RMSE 0.589210101.
RAW : MAPE 56.088459989%; MAE 3.593199172; RMSE 12.188013330.
| end of epoch  31 | time: 480.40s | train_total_loss 0.1903
------ validate on data: VALIDATE ------
NORM: MAPE 207.088262454%; MAE 0.341703172; RMSE 0.591827865.
RAW : MAPE 55.870319043%; MAE 3.605374380; RMSE 12.360353463.
| end of epoch  32 | time: 480.34s | train_total_loss 0.1899
------ validate on data: VALIDATE ------
NORM: MAPE 206.642886200%; MAE 0.341258280; RMSE 0.587699869.
RAW : MAPE 56.525235239%; MAE 3.594124299; RMSE 12.156364996.
| end of epoch  33 | time: 481.10s | train_total_loss 0.1894
------ validate on data: VALIDATE ------
NORM: MAPE 206.092847075%; MAE 0.340468907; RMSE 0.590212109.
RAW : MAPE 55.716925055%; MAE 3.587173894; RMSE 12.234737163.
| end of epoch  34 | time: 480.40s | train_total_loss 0.1903
------ validate on data: VALIDATE ------
NORM: MAPE 207.947202468%; MAE 0.341572901; RMSE 0.590523956.
RAW : MAPE 56.141951787%; MAE 3.599356122; RMSE 12.246304892.
| end of epoch  35 | time: 480.42s | train_total_loss 0.1900
------ validate on data: VALIDATE ------
NORM: MAPE 206.837753955%; MAE 0.340944494; RMSE 0.589727139.
RAW : MAPE 55.969730225%; MAE 3.591699928; RMSE 12.241442456.
| end of epoch  36 | time: 477.24s | train_total_loss 0.1896
------ validate on data: VALIDATE ------
NORM: MAPE 206.014094786%; MAE 0.340911271; RMSE 0.589737535.
RAW : MAPE 55.710112514%; MAE 3.588680719; RMSE 12.213481297.
| end of epoch  37 | time: 480.32s | train_total_loss 0.1888
------ validate on data: VALIDATE ------
NORM: MAPE 207.164205861%; MAE 0.342050505; RMSE 0.591807852.
RAW : MAPE 56.056425718%; MAE 3.606386508; RMSE 12.346270049.
| end of epoch  38 | time: 481.08s | train_total_loss 0.1891
------ validate on data: VALIDATE ------
NORM: MAPE 207.414619950%; MAE 0.340993941; RMSE 0.589702488.
RAW : MAPE 56.045217715%; MAE 3.591191746; RMSE 12.254471546.
| end of epoch  39 | time: 480.51s | train_total_loss 0.1887
------ validate on data: VALIDATE ------
NORM: MAPE 207.813091681%; MAE 0.340925031; RMSE 0.589456477.
RAW : MAPE 55.982150681%; MAE 3.589590004; RMSE 12.235563625.
Training took 358.76765236854555 minutes
NORM: MAPE 204.870257543%; MAE 0.369751451; RMSE 0.636463515.
RAW : MAPE 54.018234945%; MAE 3.959502266; RMSE 13.560205836.
Performance on test set: MAPE:  0.54 | MAE:  3.96 | RMSE: 13.5602
Evaluation took 0.46852163473765057 minutes
done
wandb: Waiting for W&B process to finish... (success).
wandb: - 0.005 MB of 0.005 MB uploaded (0.000 MB deduped)wandb: \ 0.005 MB of 0.005 MB uploaded (0.000 MB deduped)wandb: | 0.005 MB of 0.005 MB uploaded (0.000 MB deduped)wandb: / 0.005 MB of 0.005 MB uploaded (0.000 MB deduped)wandb: - 0.005 MB of 0.005 MB uploaded (0.000 MB deduped)wandb: \ 0.005 MB of 0.005 MB uploaded (0.000 MB deduped)wandb: 
wandb: Run history:
wandb:            Round ▁▁▁▂▂▂▂▂▂▃▃▃▃▃▄▄▄▄▄▅▅▅▅▅▅▆▆▆▆▆▇▇▇▇▇▇███▁
wandb:         test_mae ▁
wandb:        test_mape ▁
wandb:        test_rmse ▁
wandb: train_total_loss █▄▄▃▃▂▂▂▂▂▁▁▁▁▁▁▁▁▁▁▁▁▁▁▁▁▁▁▁▁▁▁▁▁▁▁▁▁▁▁
wandb:          val_mae █▇▅▅▄▃▂▃▆▂▂▂▂▂▂▁▁▂▁▁▁▁▁▁▁▁▁▁▁▁▁▁▁▁▁▁▁▁▁▁
wandb:         val_mape █▇▄▃▂▃▂▂▇▂▁▁▂▂▁▂▁▂▂▁▁▁▁▁▁▁▁▁▁▁▁▁▁▁▁▁▁▁▁▁
wandb:         val_rmse █▇▆▆▅▄▃▅▅▂▂▂▂▂▂▁▂▂▁▂▁▁▁▁▂▁▁▁▁▁▁▁▁▁▁▁▁▁▁▁
wandb: 
wandb: Run summary:
wandb:            Round 0
wandb:         test_mae 3.9595
wandb:        test_mape 0.54018
wandb:        test_rmse 13.56021
wandb: train_total_loss 0.18868
wandb:          val_mae 3.58959
wandb:         val_mape 0.55982
wandb:         val_rmse 12.23556
wandb: 
wandb: Synced Houston-0-400-wo-aggregate-nodes-2022-12-20 22:10: https://wandb.ai/tlouhs/POI_forecast/runs/167b22fs
wandb: Synced 6 W&B file(s), 0 media file(s), 0 artifact file(s) and 0 other file(s)
wandb: Find logs at: ./wandb/run-20221220_221033-167b22fs/logs
